[2024-03-23 18:31:15] local.ERROR: Undefined array key 1 {"exception":"[object] (ErrorException(code: 0): Undefined array key 1 at C:\\laragon\\www\\apiencuesta-main\\vendor\\laravel\\framework\\src\\Illuminate\\Foundation\\Console\\ServeCommand.php:328)
[stacktrace]
#0 C:\\laragon\\www\\apiencuesta-main\\vendor\\laravel\\framework\\src\\Illuminate\\Foundation\\Bootstrap\\HandleExceptions.php(255): Illuminate\\Foundation\\Bootstrap\\HandleExceptions->handleError(2, 'Undefined array...', 'C:\\\\laragon\\\\www\\\\...', 328)
#1 C:\\laragon\\www\\apiencuesta-main\\vendor\\laravel\\framework\\src\\Illuminate\\Foundation\\Console\\ServeCommand.php(328): Illuminate\\Foundation\\Bootstrap\\HandleExceptions->Illuminate\\Foundation\\Bootstrap\\{closure}(2, 'Undefined array...', 'C:\\\\laragon\\\\www\\\\...', 328)
#2 C:\\laragon\\www\\apiencuesta-main\\vendor\\laravel\\framework\\src\\Illuminate\\Foundation\\Console\\ServeCommand.php(288): Illuminate\\Foundation\\Console\\ServeCommand->getDateFromLine('at Mar 23 15:31...')
#3 C:\\laragon\\www\\apiencuesta-main\\vendor\\laravel\\framework\\src\\Illuminate\\Collections\\Traits\\EnumeratesValues.php(240): Illuminate\\Foundation\\Console\\ServeCommand->Illuminate\\Foundation\\Console\\{closure}('at Mar 23 15:31...', 0)
#4 C:\\laragon\\www\\apiencuesta-main\\vendor\\laravel\\framework\\src\\Illuminate\\Foundation\\Console\\ServeCommand.php(309): Illuminate\\Support\\Collection->each(Object(Closure))
#5 C:\\laragon\\www\\apiencuesta-main\\vendor\\symfony\\process\\Process.php(1275): Illuminate\\Foundation\\Console\\ServeCommand->Illuminate\\Foundation\\Console\\{closure}('err', 'at Mar 23 15:31...')
#6 C:\\laragon\\www\\apiencuesta-main\\vendor\\symfony\\process\\Process.php(1388): Symfony\\Component\\Process\\Process->Symfony\\Component\\Process\\{closure}('err', 'at Mar 23 15:31...')
#7 C:\\laragon\\www\\apiencuesta-main\\vendor\\symfony\\process\\Process.php(1308): Symfony\\Component\\Process\\Process->readPipes(false, false)
#8 C:\\laragon\\www\\apiencuesta-main\\vendor\\symfony\\process\\Process.php(839): Symfony\\Component\\Process\\Process->updateStatus(false)
#9 C:\\laragon\\www\\apiencuesta-main\\vendor\\laravel\\framework\\src\\Illuminate\\Foundation\\Console\\ServeCommand.php(95): Symfony\\Component\\Process\\Process->isRunning()
#10 C:\\laragon\\www\\apiencuesta-main\\vendor\\laravel\\framework\\src\\Illuminate\\Container\\BoundMethod.php(36): Illuminate\\Foundation\\Console\\ServeCommand->handle()
#11 C:\\laragon\\www\\apiencuesta-main\\vendor\\laravel\\framework\\src\\Illuminate\\Container\\Util.php(41): Illuminate\\Container\\BoundMethod::Illuminate\\Container\\{closure}()
#12 C:\\laragon\\www\\apiencuesta-main\\vendor\\laravel\\framework\\src\\Illuminate\\Container\\BoundMethod.php(93): Illuminate\\Container\\Util::unwrapIfClosure(Object(Closure))
#13 C:\\laragon\\www\\apiencuesta-main\\vendor\\laravel\\framework\\src\\Illuminate\\Container\\BoundMethod.php(37): Illuminate\\Container\\BoundMethod::callBoundMethod(Object(Illuminate\\Foundation\\Application), Array, Object(Closure))
#14 C:\\laragon\\www\\apiencuesta-main\\vendor\\laravel\\framework\\src\\Illuminate\\Container\\Container.php(662): Illuminate\\Container\\BoundMethod::call(Object(Illuminate\\Foundation\\Application), Array, Array, NULL)
#15 C:\\laragon\\www\\apiencuesta-main\\vendor\\laravel\\framework\\src\\Illuminate\\Console\\Command.php(211): Illuminate\\Container\\Container->call(Array)
#16 C:\\laragon\\www\\apiencuesta-main\\vendor\\symfony\\console\\Command\\Command.php(326): Illuminate\\Console\\Command->execute(Object(Symfony\\Component\\Console\\Input\\ArgvInput), Object(Illuminate\\Console\\OutputStyle))
#17 C:\\laragon\\www\\apiencuesta-main\\vendor\\laravel\\framework\\src\\Illuminate\\Console\\Command.php(181): Symfony\\Component\\Console\\Command\\Command->run(Object(Symfony\\Component\\Console\\Input\\ArgvInput), Object(Illuminate\\Console\\OutputStyle))
#18 C:\\laragon\\www\\apiencuesta-main\\vendor\\symfony\\console\\Application.php(1096): Illuminate\\Console\\Command->run(Object(Symfony\\Component\\Console\\Input\\ArgvInput), Object(Symfony\\Component\\Console\\Output\\ConsoleOutput))
#19 C:\\laragon\\www\\apiencuesta-main\\vendor\\symfony\\console\\Application.php(324): Symfony\\Component\\Console\\Application->doRunCommand(Object(Illuminate\\Foundation\\Console\\ServeCommand), Object(Symfony\\Component\\Console\\Input\\ArgvInput), Object(Symfony\\Component\\Console\\Output\\ConsoleOutput))
#20 C:\\laragon\\www\\apiencuesta-main\\vendor\\symfony\\console\\Application.php(175): Symfony\\Component\\Console\\Application->doRun(Object(Symfony\\Component\\Console\\Input\\ArgvInput), Object(Symfony\\Component\\Console\\Output\\ConsoleOutput))
#21 C:\\laragon\\www\\apiencuesta-main\\vendor\\laravel\\framework\\src\\Illuminate\\Foundation\\Console\\Kernel.php(201): Symfony\\Component\\Console\\Application->run(Object(Symfony\\Component\\Console\\Input\\ArgvInput), Object(Symfony\\Component\\Console\\Output\\ConsoleOutput))
#22 C:\\laragon\\www\\apiencuesta-main\\artisan(37): Illuminate\\Foundation\\Console\\Kernel->handle(Object(Symfony\\Component\\Console\\Input\\ArgvInput), Object(Symfony\\Component\\Console\\Output\\ConsoleOutput))
#23 {main}
"} 
[2024-03-25 17:55:04] local.ERROR: Call to a member function diffInSeconds() on null {"exception":"[object] (Error(code: 0): Call to a member function diffInSeconds() on null at C:\\laragon\\www\\apiencuesta-main\\vendor\\laravel\\framework\\src\\Illuminate\\Foundation\\Console\\ServeCommand.php:288)
[stacktrace]
#0 C:\\laragon\\www\\apiencuesta-main\\vendor\\laravel\\framework\\src\\Illuminate\\Collections\\Traits\\EnumeratesValues.php(240): Illuminate\\Foundation\\Console\\ServeCommand->Illuminate\\Foundation\\Console\\{closure}('r 25 14:55:04 2...', 0)
#1 C:\\laragon\\www\\apiencuesta-main\\vendor\\laravel\\framework\\src\\Illuminate\\Foundation\\Console\\ServeCommand.php(309): Illuminate\\Support\\Collection->each(Object(Closure))
#2 C:\\laragon\\www\\apiencuesta-main\\vendor\\symfony\\process\\Process.php(1275): Illuminate\\Foundation\\Console\\ServeCommand->Illuminate\\Foundation\\Console\\{closure}('err', 'r 25 14:55:04 2...')
#3 C:\\laragon\\www\\apiencuesta-main\\vendor\\symfony\\process\\Process.php(1388): Symfony\\Component\\Process\\Process->Symfony\\Component\\Process\\{closure}('err', 'r 25 14:55:04 2...')
#4 C:\\laragon\\www\\apiencuesta-main\\vendor\\symfony\\process\\Process.php(1308): Symfony\\Component\\Process\\Process->readPipes(false, false)
#5 C:\\laragon\\www\\apiencuesta-main\\vendor\\symfony\\process\\Process.php(839): Symfony\\Component\\Process\\Process->updateStatus(false)
#6 C:\\laragon\\www\\apiencuesta-main\\vendor\\laravel\\framework\\src\\Illuminate\\Foundation\\Console\\ServeCommand.php(95): Symfony\\Component\\Process\\Process->isRunning()
#7 C:\\laragon\\www\\apiencuesta-main\\vendor\\laravel\\framework\\src\\Illuminate\\Container\\BoundMethod.php(36): Illuminate\\Foundation\\Console\\ServeCommand->handle()
#8 C:\\laragon\\www\\apiencuesta-main\\vendor\\laravel\\framework\\src\\Illuminate\\Container\\Util.php(41): Illuminate\\Container\\BoundMethod::Illuminate\\Container\\{closure}()
#9 C:\\laragon\\www\\apiencuesta-main\\vendor\\laravel\\framework\\src\\Illuminate\\Container\\BoundMethod.php(93): Illuminate\\Container\\Util::unwrapIfClosure(Object(Closure))
#10 C:\\laragon\\www\\apiencuesta-main\\vendor\\laravel\\framework\\src\\Illuminate\\Container\\BoundMethod.php(37): Illuminate\\Container\\BoundMethod::callBoundMethod(Object(Illuminate\\Foundation\\Application), Array, Object(Closure))
#11 C:\\laragon\\www\\apiencuesta-main\\vendor\\laravel\\framework\\src\\Illuminate\\Container\\Container.php(662): Illuminate\\Container\\BoundMethod::call(Object(Illuminate\\Foundation\\Application), Array, Array, NULL)
#12 C:\\laragon\\www\\apiencuesta-main\\vendor\\laravel\\framework\\src\\Illuminate\\Console\\Command.php(211): Illuminate\\Container\\Container->call(Array)
#13 C:\\laragon\\www\\apiencuesta-main\\vendor\\symfony\\console\\Command\\Command.php(326): Illuminate\\Console\\Command->execute(Object(Symfony\\Component\\Console\\Input\\ArgvInput), Object(Illuminate\\Console\\OutputStyle))
#14 C:\\laragon\\www\\apiencuesta-main\\vendor\\laravel\\framework\\src\\Illuminate\\Console\\Command.php(181): Symfony\\Component\\Console\\Command\\Command->run(Object(Symfony\\Component\\Console\\Input\\ArgvInput), Object(Illuminate\\Console\\OutputStyle))
#15 C:\\laragon\\www\\apiencuesta-main\\vendor\\symfony\\console\\Application.php(1096): Illuminate\\Console\\Command->run(Object(Symfony\\Component\\Console\\Input\\ArgvInput), Object(Symfony\\Component\\Console\\Output\\ConsoleOutput))
#16 C:\\laragon\\www\\apiencuesta-main\\vendor\\symfony\\console\\Application.php(324): Symfony\\Component\\Console\\Application->doRunCommand(Object(Illuminate\\Foundation\\Console\\ServeCommand), Object(Symfony\\Component\\Console\\Input\\ArgvInput), Object(Symfony\\Component\\Console\\Output\\ConsoleOutput))
#17 C:\\laragon\\www\\apiencuesta-main\\vendor\\symfony\\console\\Application.php(175): Symfony\\Component\\Console\\Application->doRun(Object(Symfony\\Component\\Console\\Input\\ArgvInput), Object(Symfony\\Component\\Console\\Output\\ConsoleOutput))
#18 C:\\laragon\\www\\apiencuesta-main\\vendor\\laravel\\framework\\src\\Illuminate\\Foundation\\Console\\Kernel.php(201): Symfony\\Component\\Console\\Application->run(Object(Symfony\\Component\\Console\\Input\\ArgvInput), Object(Symfony\\Component\\Console\\Output\\ConsoleOutput))
#19 C:\\laragon\\www\\apiencuesta-main\\artisan(37): Illuminate\\Foundation\\Console\\Kernel->handle(Object(Symfony\\Component\\Console\\Input\\ArgvInput), Object(Symfony\\Component\\Console\\Output\\ConsoleOutput))
#20 {main}
"} 
